
------------------------------------------------------------------------
Apr 21 15:06:22 purevol list --space --effective --total --pending
------------------------------------------------------------------------
Name                                          Size     Virtual  Unique   Snapshots  Total    Method
ashb-vdi-245-A01-n                            12T      802.19M  802.21M  0.00       802.21M  effective
ashb-vdi-246-A01-n                            8T       501.54M  501.54M  0.00       501.54M  effective
ashb-vdi-247-A01-n                            8T       151.96G  151.97G  0.00       151.97G  effective
ashb-vdi-248-A01-n                            8T       67.05G   67.05G   0.00       67.05G   effective
ashb-vdi-249-A01-n                            8T       471.77G  471.77G  0.00       471.77G  effective
ashb-vdi-250-A01-n                            8T       307.49G  307.49G  0.00       307.49G  effective
ashb-vdi-251-A01-n                            8T       470.03G  470.03G  0.00       470.03G  effective
ashb-vdi-252-A01-n                            8T       271.54G  271.54G  0.00       271.54G  effective
ashb-vdi-253-A01-n                            8T       222.64G  222.64G  0.00       222.64G  effective
ashb-vdi-254-A01-n                            8T       274.77G  274.77G  0.00       274.77G  effective
ashbd-gc-245-A01-n                            15T      8.81T    8.81T    713.27G    9.51T    effective
ashbd-gc-246-A01-n                            8T       3.16T    2.70T    2.60T      5.31T    effective
ashbd-gc-247-A01-n                            8T       3.41T    3.40T    1.24T      4.64T    effective
ashbd-gc-248-A01-n                            12T      5.32T    5.32T    1.03T      6.34T    effective
ashbd-gc-249-A01-n                            8T       2.29T    2.27T    980.28G    3.22T    effective
ashbd-gc-250-A01-n                            12T      4.25T    4.17T    2.14T      6.31T    effective
ashbd-gc-251-A01-n                            10T      3.09T    2.61T    1.74T      4.35T    effective
ashbd-gc-252-A01-n                            8T       2.98T    2.90T    2.44T      5.34T    effective
ashbd-gc-253-A01-n                            10T      5.05T    5.04T    1.09T      6.13T    effective
ashbd-gc-254-A01-n                            8T       2.74T    2.70T    2.28T      4.98T    effective
ashbdr-db-241-A01-n                           10T      208.38M  209.29M  17.21M     226.50M  effective
ashbdr-db-242-A01-n                           10T      206.35M  207.26M  17.21M     224.47M  effective
ashbdr-db-243-A01-n                           10T      210.23M  212.65M  149.75M    362.40M  effective
ashbdr-db-244-A01-n                           10T      214.50M  216.85M  149.75M    366.60M  effective
ashbdr-gc-241-A01-n                           10T      4.94G    4.94G    1.29G      6.23G    effective
ashbdr-gc-242-A01-n                           10T      219.10M  220.14M  17.22M     237.35M  effective
ashbdr-gc-243-A01-n                           10T      221.41M  222.49M  17.48M     239.97M  effective
ashbdr-gc-244-A01-n                           10T      222.33M  225.35M  169.16M    394.52M  effective
ashbdr-gc-253-A01-n                           10T      218.34M  218.48M  0.00       218.48M  effective
ashbplpodb05/podb05_data01_001                2T       1.93T    1.93T    0.00       1.93T    effective
ashbplpodb05/podb05_data01_0010               2T       1.11T    1.11T    0.00       1.11T    effective
ashbplpodb05/podb05_data01_002                2T       1.93T    1.93T    0.00       1.93T    effective
ashbplpodb05/podb05_data01_003                2T       1.93T    1.93T    0.00       1.93T    effective
ashbplpodb05/podb05_data01_004                2T       1.93T    1.93T    0.00       1.93T    effective
ashbplpodb05/podb05_data01_005                2T       1.93T    1.93T    0.00       1.93T    effective
ashbplpodb05/podb05_data01_006                2T       1.61T    1.61T    0.00       1.61T    effective
ashbplpodb05/podb05_data01_007                2T       1.11T    1.11T    0.00       1.11T    effective
ashbplpodb05/podb05_data01_008                2T       1.11T    1.11T    0.00       1.11T    effective
ashbplpodb05/podb05_data01_009                2T       1.11T    1.11T    0.00       1.11T    effective
ashbplpodb05/podb05_data01_011                2T       1.11T    1.11T    0.00       1.11T    effective
ashbplpodb05/podb05_fra01_001                 2T       1.95T    1.95T    0.00       1.95T    effective
ashbplpodb05/podb05_fra01_002                 2T       1.95T    1.95T    0.00       1.95T    effective
ashbplpodb05/podb05_fra01_200                 2T       302.98G  302.98G  0.00       302.98G  effective
ashbplpodb05/podb05_fra01_201                 2T       302.86G  302.86G  0.00       302.86G  effective
ashbplpodb05/podb05_redo01a_001               300G     208.47G  208.47G  0.00       208.47G  effective
ashbplpodb05/podb05_redo01a_002               200G     118.68G  118.68G  0.00       118.68G  effective
ashbplpodb05/podb05_redo01b_001               300G     208.46G  208.46G  0.00       208.46G  effective
ashbplpodb05/podb05_redo01b_002               200G     118.68G  118.68G  0.00       118.68G  effective
ashbplpodb05/podb05_redo02a_001               300G     296.71G  296.71G  0.00       296.71G  effective
ashbplpodb05/podb05_redo02a_002               200G     83.38G   83.38G   0.00       83.38G   effective
ashbplpodb05/podb05_redo02b_001               300G     296.71G  296.71G  0.00       296.71G  effective
ashbplpodb05/podb05_redo02b_002               200G     83.38G   83.38G   0.00       83.38G   effective
ashbplpodb05/podb05_u000                      300G     297.92G  297.92G  0.00       297.92G  effective
ashbplpodb05/poddb05_data02_200               2T       627.68G  627.68G  0.00       627.68G  effective
ashbplpodb05/poddb05_data02_201               2T       627.68G  627.69G  0.00       627.69G  effective
ashbplpodb05/poddb05_data02_202               2T       627.69G  627.69G  0.00       627.69G  effective
pxclouddrive-05664f078c                       150G     1.21G    1.21G    0.00       1.21G    effective
pxclouddrive-177e0f9448                       64G      2.68M    2.68M    0.00       2.68M    effective
pxclouddrive-1aa0d39b5a                       64G      158.97M  158.97M  0.00       158.97M  effective
pxclouddrive-1e59153a0f                       64G      375.06M  375.06M  0.00       375.06M  effective
pxclouddrive-23c08dd15e                       150G     351.00K  351.00K  0.00       351.00K  effective
pxclouddrive-2ddc698c17                       64G      2.70M    2.70M    0.00       2.70M    effective
pxclouddrive-323f721305                       64G      2.60M    2.60M    0.00       2.60M    effective
pxclouddrive-360c6022c9                       150G     375.50K  375.50K  0.00       375.50K  effective
pxclouddrive-4bdb5c9aa0                       64G      526.08M  526.35M  0.00       526.35M  effective
pxclouddrive-5ac5f30f16                       150G     4.15G    4.15G    0.00       4.15G    effective
pxclouddrive-5cb1dad8d4                       150G     671.85M  671.85M  0.00       671.85M  effective
pxclouddrive-5cfade87a6                       64G      371.84M  371.84M  0.00       371.84M  effective
pxclouddrive-600c3c9d45                       64G      376.36M  376.36M  0.00       376.36M  effective
pxclouddrive-74490448b0                       64G      521.29M  521.45M  0.00       521.45M  effective
pxclouddrive-78e25de505                       64G      2.60M    2.60M    0.00       2.60M    effective
pxclouddrive-7931cda37d                       64G      2.67M    2.67M    0.00       2.67M    effective
pxclouddrive-7949b81dbe                       64G      526.05M  526.24M  0.00       526.24M  effective
pxclouddrive-7a9f181abe                       150G     431.50K  431.50K  0.00       431.50K  effective
pxclouddrive-826c5051f4                       150G     707.00K  707.00K  0.00       707.00K  effective
pxclouddrive-83545a625c                       150G     423.00K  423.00K  0.00       423.00K  effective
pxclouddrive-83ea940b08                       64G      158.98M  158.98M  0.00       158.98M  effective
pxclouddrive-a5b3ec4d03                       150G     20.48G   20.48G   0.00       20.48G   effective
pxclouddrive-a66a135391                       150G     442.00K  442.00K  0.00       442.00K  effective
pxclouddrive-e2a858981c                       150G     370.00K  370.00K  0.00       370.00K  effective
pxclouddrive-e3cf6f2b7c                       64G      2.63M    2.63M    0.00       2.63M    effective
pxclouddrive-e7048106f3                       150G     707.00K  707.00K  0.00       707.00K  effective
pxclouddrive-f032287553                       150G     20.74G   20.74G   0.00       20.74G   effective
pxclouddrive-f0d74c83b3                       150G     1.97G    1.97G    0.00       1.97G    effective
pxclouddrive-f679a77465                       150G     3.98G    4.00G    0.00       4.00G    effective
pxclouddrive-f9f544e509                       64G      160.90M  160.90M  0.00       160.90M  effective
vvol--vSphere-HA-da2c92fb-vg/Config-0b9dc56f  4G       5.46M    5.46M    0.00       5.46M    effective
(total)                                       321930G  68.19T   67.02T   16.21T     83.23T   effective
